[INFO] logger started at Wed Sep 01 08:53:53 EAT 2021
[INFO] executable name: /home/kibet/Dendroscope_unix_3_7_6.sh
[INFO] install4j version: 8.0.4 (build 8111)
[INFO] Properties: 
-- listing properties --
java.specification.version=14
install4j.launcherId=1691243084
sun.jnu.encoding=UTF-8
java.class.path=i4jruntime.jar:launcher0.jar
sun.awt.enableExtraMouseButtons=true
java.vm.vendor=AdoptOpenJDK
sun.arch.data.model=64
install4j.exeDir=/home/kibet/
sun.font.fontmanager=sun.awt.X11FontManager
java.vendor.url=https://adoptopenjdk.net/
user.timezone=Africa/Nairobi
java.vm.specification.version=14
os.name=Linux
sun.java.launcher=SUN_STANDARD
user.country=GB
sun.boot.library.path=/home/kibet/Dendroscope_unix_3_7_6.sh...
sun.java.command=install4j.Installer1175798920
jdk.debug=release
sun.cpu.endian=little
user.home=/home/kibet
user.language=en
java.specification.vendor=Oracle Corporation
java.version.date=2020-04-14
java.home=/home/kibet/Dendroscope_unix_3_7_6.sh...
file.separator=/
java.vm.compressedOopsMode=32-bit
line.separator=

java.vm.specification.vendor=Oracle Corporation
java.specification.name=Java Platform API Specification
exe4j.moduleName=/home/kibet/Dendroscope_unix_3_7_6.sh
sun.management.compiler=HotSpot 64-Bit Tiered Compilers
java.runtime.version=14.0.1+7
user.name=kibet
path.separator=:
os.version=5.4.0-81-generic
java.runtime.name=OpenJDK Runtime Environment
sun.java2d.noddraw=true
file.encoding=UTF-8
java.vm.name=OpenJDK 64-Bit Server VM
java.vendor.version=AdoptOpenJDK
install4j.jvmDir=/home/kibet/Dendroscope_unix_3_7_6.sh...
install4j.cwd=/home/kibet
install4j.appDir=/home/kibet/
java.vendor.url.bug=https://github.com/AdoptOpenJDK/openj...
java.io.tmpdir=/tmp
java.version=14.0.1
user.dir=/home/kibet/Dendroscope_unix_3_7_6.sh...
os.arch=amd64
java.vm.specification.name=Java Virtual Machine Specification
exe4j.totalDataLength=77410422
java.library.path=/home/kibet/Dendroscope_unix_3_7_6.sh...
java.vm.info=mixed mode
java.vendor=AdoptOpenJDK
java.vm.version=14.0.1+7
sun.io.unicode.encoding=UnicodeLittle
java.class.version=58.0
install4j.swt=false
[INFO] Variable changed: sys.resolveUserSpecificInstallationDir=false[class java.lang.String]
[INFO] com.install4j.runtime.beans.actions.misc.RequestPrivilegesAction [ID 1691242262]: Execute action
       Property allRequested: false
       Property failIfNotObtainedMac: true
       Property failIfNotObtainedWin: true
       Property failIfNotRootUnix: false
       Property obtainIfAdminMac: false
       Property obtainIfAdminWin: true
       Property obtainIfNormalMac: false
       Property obtainIfNormalWin: false
       Property rollbackSupported: false
       Property updateInstallationDirectory: true
       Variable changed: sys.resolveUserSpecificInstallationDir=true[class java.lang.Boolean]
       Execute action successful after 3 ms
[INFO] com.install4j.runtime.beans.screens.StartupScreen [ID 15]: command: move 1 screens, executing actions, checking condition
[INFO] com.install4j.runtime.beans.screens.WelcomeScreen [ID 1691242162]: Show screen
[INFO] checking writable with maximum
[INFO] Variable changed: sys.confirmedUpdateInstallation=true[class java.lang.Boolean]
[INFO] com.install4j.runtime.beans.actions.misc.LoadResponseFileAction [ID 1691242263]: Execute action
       Property excludedVariables: null
       Property file: null
       Property overwriteStrategy: Do not overwrite command line
       Property registerForResponseFile: true
       Property rollbackSupported: false
       Variable changed: sys.component.1691242184=true[class java.lang.Boolean]
       Variable changed: sys.component.1691242261=true[class java.lang.Boolean]
       Variable changed: sys.adminRights=false[class java.lang.Boolean]
       Variable changed: sys.languageId=en[class java.lang.String]
       Variable changed: sys.symlinkDir=/usr/local/bin[class java.lang.String]
       Variable changed: sys.programGroupDisabled=false[class java.lang.Boolean]
       Variable changed: sys.component.1691242183=true[class java.lang.Boolean]
       Variable changed: sys.installationDir=/home/kibet/bioinformatics/github/co1_metaanalysis/code/tools/dendroscope[class java.lang.String]
       Variable changed: myXmx=600[class java.lang.Integer]
       Execute action successful after 36 ms
[INFO] com.install4j.runtime.beans.screens.WelcomeScreen [ID 1691242162]: command: move 1 screens, executing actions, checking condition
[INFO] com.install4j.runtime.beans.screens.LicenseScreen [ID 1691242163]: Show screen
[INFO] com.install4j.runtime.beans.screens.LicenseScreen [ID 1691242163]: command: move 1 screens, executing actions, checking condition
[INFO] com.install4j.runtime.beans.screens.ComponentsScreen [ID 1691242165]: Show screen
[INFO] com.install4j.runtime.beans.screens.ComponentsScreen [ID 1691242165]: command: move 1 screens, executing actions, checking condition
[INFO] com.install4j.runtime.beans.screens.InstallationScreen [ID 1691242168]: Show screen
[INFO] com.install4j.runtime.beans.actions.UninstallPreviousAction [ID 1691242497]: Execute action
       Property installationDirectory: null
       Property installerVariables: {}
       Property logFiles: []
       Property onlyIfSameApplicationId: true
       Property rollbackSupported: false
       Property uninstallServices: true
       checking running processes
       checking running processes ok
       previous installation id at /home/kibet/bioinformatics/github/co1_metaanalysis/code/tools/dendroscope: 3637-0812-9190-9529
       starting uninstaller
       executing /home/kibet/bioinformatics/github/co1_metaanalysis/code/tools/dendroscope/uninstall
       see uninstallPrevious.log for the log file of the uninstaller
       Variable changed: sys.undeletedUninstallFiles=null
       finished
       Execute action successful after 4423 ms
[INFO] com.install4j.runtime.beans.actions.InstallFilesAction [ID 1691242169]: Execute action
       Property directoryResolverScript: null
       Property fileFilterScript: null
       Property sizeCalculatorScript: null
       Property acceptAllCertificates: false
       Property checkFreeSpace: true
       Property delay: false
       Property installRuntime: true
       Property rollbackSupported: true
       Property saveDownloadedFiles: false
       Property showFileNames: true
       Property triggerReboot: true
       Property updateBundledJre: true
       Property validateApplicationId: false
       Component Dendroscope Program[1691242261]; Selected: true
       Component Manual[1691242184]; Selected: true
       Component Examples[1691242183]; Selected: true
       Install file: /home/kibet/bioinformatics/github/co1_metaanalysis/code/tools/dendroscope/jre/bin/java; size: 13112 bytes; exists: false
       File options set to: [fileTime: Fri Nov 27 09:37:35 EAT 2020, mode: 755, overwriteMode: Always ask except for update, shared: false, uninstallMode: If created, but not for update, delayIfNecessary: false]
       Install file: /home/kibet/bioinformatics/github/co1_metaanalysis/code/tools/dendroscope/jre/bin/jrunscript; size: 13176 bytes; exists: false
       Install file: /home/kibet/bioinformatics/github/co1_metaanalysis/code/tools/dendroscope/jre/bin/keytool; size: 13128 bytes; exists: false
       Install file: /home/kibet/bioinformatics/github/co1_metaanalysis/code/tools/dendroscope/jre/conf/net.properties; size: 6171 bytes; exists: false
       File options set to: [fileTime: Fri Nov 27 09:37:35 EAT 2020, mode: 644, overwriteMode: Always ask except for update, shared: false, uninstallMode: If created, but not for update, delayIfNecessary: false]
       Install file: /home/kibet/bioinformatics/github/co1_metaanalysis/code/tools/dendroscope/jre/conf/sdp/sdp.conf.template; size: 1455 bytes; exists: false
       Install file: /home/kibet/bioinformatics/github/co1_metaanalysis/code/tools/dendroscope/jre/conf/security/java.policy; size: 2180 bytes; exists: false
       Install file: /home/kibet/bioinformatics/github/co1_metaanalysis/code/tools/dendroscope/jre/conf/security/java.security; size: 53602 bytes; exists: false
       Install file: /home/kibet/bioinformatics/github/co1_metaanalysis/code/tools/dendroscope/jre/conf/security/policy/README.txt; size: 2390 bytes; exists: false
       Install file: /home/kibet/bioinformatics/github/co1_metaanalysis/code/tools/dendroscope/jre/conf/security/policy/limited/default_US_export.policy; size: 146 bytes; exists: false
       Install file: /home/kibet/bioinformatics/github/co1_metaanalysis/code/tools/dendroscope/jre/conf/security/policy/limited/default_local.policy; size: 647 bytes; exists: false
       Install file: /home/kibet/bioinformatics/github/co1_metaanalysis/code/tools/dendroscope/jre/conf/security/policy/limited/exempt_local.policy; size: 566 bytes; exists: false
       Install file: /home/kibet/bioinformatics/github/co1_metaanalysis/code/tools/dendroscope/jre/conf/security/policy/unlimited/default_US_export.policy; size: 146 bytes; exists: false
       Install file: /home/kibet/bioinformatics/github/co1_metaanalysis/code/tools/dendroscope/jre/conf/security/policy/unlimited/default_local.policy; size: 193 bytes; exists: false
       Install file: /home/kibet/bioinformatics/github/co1_metaanalysis/code/tools/dendroscope/jre/conf/sound.properties; size: 1210 bytes; exists: false
       Install file: /home/kibet/bioinformatics/github/co1_metaanalysis/code/tools/dendroscope/jre/include/classfile_constants.h; size: 22155 bytes; exists: false
       Install file: /home/kibet/bioinformatics/github/co1_metaanalysis/code/tools/dendroscope/jre/include/jawt.h; size: 12458 bytes; exists: false
       Install file: /home/kibet/bioinformatics/github/co1_metaanalysis/code/tools/dendroscope/jre/include/jni.h; size: 75678 bytes; exists: false
       Install file: /home/kibet/bioinformatics/github/co1_metaanalysis/code/tools/dendroscope/jre/include/jvmti.h; size: 81791 bytes; exists: false
       Install file: /home/kibet/bioinformatics/github/co1_metaanalysis/code/tools/dendroscope/jre/include/jvmticmlr.h; size: 4771 bytes; exists: false
       Install file: /home/kibet/bioinformatics/github/co1_metaanalysis/code/tools/dendroscope/jre/include/linux/jawt_md.h; size: 1965 bytes; exists: false
       Install file: /home/kibet/bioinformatics/github/co1_metaanalysis/code/tools/dendroscope/jre/include/linux/jni_md.h; size: 2002 bytes; exists: false
       Install file: /home/kibet/bioinformatics/github/co1_metaanalysis/code/tools/dendroscope/jre/legal/java.base/ADDITIONAL_LICENSE_INFO; size: 2114 bytes; exists: false
       Install file: /home/kibet/bioinformatics/github/co1_metaanalysis/code/tools/dendroscope/jre/legal/java.base/ASSEMBLY_EXCEPTION; size: 1522 bytes; exists: false
       Install file: /home/kibet/bioinformatics/github/co1_metaanalysis/code/tools/dendroscope/jre/legal/java.base/LICENSE; size: 19274 bytes; exists: false
       Install file: /home/kibet/bioinformatics/github/co1_metaanalysis/code/tools/dendroscope/jre/legal/java.base/aes.md; size: 1444 bytes; exists: false
       Install file: /home/kibet/bioinformatics/github/co1_metaanalysis/code/tools/dendroscope/jre/legal/java.base/asm.md; size: 1582 bytes; exists: false
       Install file: /home/kibet/bioinformatics/github/co1_metaanalysis/code/tools/dendroscope/jre/legal/java.base/c-libutl.md; size: 1556 bytes; exists: false
       Install file: /home/kibet/bioinformatics/github/co1_metaanalysis/code/tools/dendroscope/jre/legal/java.base/cldr.md; size: 2352 bytes; exists: false
       Install file: /home/kibet/bioinformatics/github/co1_metaanalysis/code/tools/dendroscope/jre/legal/java.base/icu.md; size: 19528 bytes; exists: false
       Install file: /home/kibet/bioinformatics/github/co1_metaanalysis/code/tools/dendroscope/jre/legal/java.base/public_suffix.md; size: 17785 bytes; exists: false
       Install file: /home/kibet/bioinformatics/github/co1_metaanalysis/code/tools/dendroscope/jre/legal/java.base/unicode.md; size: 2384 bytes; exists: false
       Install file: /home/kibet/bioinformatics/github/co1_metaanalysis/code/tools/dendroscope/jre/legal/java.desktop/colorimaging.md; size: 167 bytes; exists: false
       Install file: /home/kibet/bioinformatics/github/co1_metaanalysis/code/tools/dendroscope/jre/legal/java.desktop/freetype.md; size: 28780 bytes; exists: false
       Install file: /home/kibet/bioinformatics/github/co1_metaanalysis/code/tools/dendroscope/jre/legal/java.desktop/giflib.md; size: 1288 bytes; exists: false
       Install file: /home/kibet/bioinformatics/github/co1_metaanalysis/code/tools/dendroscope/jre/legal/java.desktop/harfbuzz.md; size: 2753 bytes; exists: false
       Install file: /home/kibet/bioinformatics/github/co1_metaanalysis/code/tools/dendroscope/jre/legal/java.desktop/jpeg.md; size: 3475 bytes; exists: false
       Install file: /home/kibet/bioinformatics/github/co1_metaanalysis/code/tools/dendroscope/jre/legal/java.desktop/lcms.md; size: 1177 bytes; exists: false
       Install file: /home/kibet/bioinformatics/github/co1_metaanalysis/code/tools/dendroscope/jre/legal/java.desktop/libpng.md; size: 5398 bytes; exists: false
       Install file: /home/kibet/bioinformatics/github/co1_metaanalysis/code/tools/dendroscope/jre/legal/java.desktop/mesa3d.md; size: 5732 bytes; exists: false
       Install file: /home/kibet/bioinformatics/github/co1_metaanalysis/code/tools/dendroscope/jre/legal/java.desktop/xwd.md; size: 1348 bytes; exists: false
       Install file: /home/kibet/bioinformatics/github/co1_metaanalysis/code/tools/dendroscope/jre/legal/java.xml/bcel.md; size: 11503 bytes; exists: false
       Install file: /home/kibet/bioinformatics/github/co1_metaanalysis/code/tools/dendroscope/jre/legal/java.xml/dom.md; size: 3028 bytes; exists: false
       Install file: /home/kibet/bioinformatics/github/co1_metaanalysis/code/tools/dendroscope/jre/legal/java.xml/jcup.md; size: 1158 bytes; exists: false
       Install file: /home/kibet/bioinformatics/github/co1_metaanalysis/code/tools/dendroscope/jre/legal/java.xml/xalan.md; size: 13494 bytes; exists: false
       Install file: /home/kibet/bioinformatics/github/co1_metaanalysis/code/tools/dendroscope/jre/legal/java.xml/xerces.md; size: 11850 bytes; exists: false
       Install file: /home/kibet/bioinformatics/github/co1_metaanalysis/code/tools/dendroscope/jre/legal/javafx.graphics/jpeg_fx.md; size: 2158 bytes; exists: false
       Install file: /home/kibet/bioinformatics/github/co1_metaanalysis/code/tools/dendroscope/jre/legal/javafx.media/applecoreaudio.md; size: 2575 bytes; exists: false
       Install file: /home/kibet/bioinformatics/github/co1_metaanalysis/code/tools/dendroscope/jre/legal/javafx.media/glib.md; size: 27519 bytes; exists: false
       Install file: /home/kibet/bioinformatics/github/co1_metaanalysis/code/tools/dendroscope/jre/legal/javafx.media/gstreamer.md; size: 27553 bytes; exists: false
       Install file: /home/kibet/bioinformatics/github/co1_metaanalysis/code/tools/dendroscope/jre/legal/javafx.media/libffi.md; size: 1179 bytes; exists: false
       Install file: /home/kibet/bioinformatics/github/co1_metaanalysis/code/tools/dendroscope/jre/legal/javafx.web/icu_web.md; size: 21086 bytes; exists: false
       Install file: /home/kibet/bioinformatics/github/co1_metaanalysis/code/tools/dendroscope/jre/legal/javafx.web/libxml2.md; size: 1345 bytes; exists: false
       Install file: /home/kibet/bioinformatics/github/co1_metaanalysis/code/tools/dendroscope/jre/legal/javafx.web/libxslt.md; size: 3031 bytes; exists: false
       Install file: /home/kibet/bioinformatics/github/co1_metaanalysis/code/tools/dendroscope/jre/legal/javafx.web/webkit.md; size: 27482 bytes; exists: false
       Install file: /home/kibet/bioinformatics/github/co1_metaanalysis/code/tools/dendroscope/jre/lib/classlist; size: 40118 bytes; exists: false
       Install file: /home/kibet/bioinformatics/github/co1_metaanalysis/code/tools/dendroscope/jre/lib/javafx-swt.jar; size: 37088 bytes; exists: false
       Install file: /home/kibet/bioinformatics/github/co1_metaanalysis/code/tools/dendroscope/jre/lib/javafx.properties; size: 69 bytes; exists: false
       Install file: /home/kibet/bioinformatics/github/co1_metaanalysis/code/tools/dendroscope/jre/lib/jexec; size: 13368 bytes; exists: false
       File options set to: [fileTime: Fri Nov 27 09:37:35 EAT 2020, mode: 755, overwriteMode: Always ask except for update, shared: false, uninstallMode: If created, but not for update, delayIfNecessary: false]
       Install file: /home/kibet/bioinformatics/github/co1_metaanalysis/code/tools/dendroscope/jre/lib/jrt-fs.jar; size: 107494 bytes; exists: false
       File options set to: [fileTime: Fri Nov 27 09:37:35 EAT 2020, mode: 644, overwriteMode: Always ask except for update, shared: false, uninstallMode: If created, but not for update, delayIfNecessary: false]
       Install file: /home/kibet/bioinformatics/github/co1_metaanalysis/code/tools/dendroscope/jre/lib/jspawnhelper; size: 18832 bytes; exists: false
       File options set to: [fileTime: Fri Nov 27 09:37:35 EAT 2020, mode: 755, overwriteMode: Always ask except for update, shared: false, uninstallMode: If created, but not for update, delayIfNecessary: false]
       Install file: /home/kibet/bioinformatics/github/co1_metaanalysis/code/tools/dendroscope/jre/lib/jvm.cfg; size: 29 bytes; exists: false
       File options set to: [fileTime: Fri Nov 27 09:37:35 EAT 2020, mode: 644, overwriteMode: Always ask except for update, shared: false, uninstallMode: If created, but not for update, delayIfNecessary: false]
       Install file: /home/kibet/bioinformatics/github/co1_metaanalysis/code/tools/dendroscope/jre/lib/libavplugin-54.so; size: 51568 bytes; exists: false
       Install file: /home/kibet/bioinformatics/github/co1_metaanalysis/code/tools/dendroscope/jre/lib/libavplugin-56.so; size: 51584 bytes; exists: false
       Install file: /home/kibet/bioinformatics/github/co1_metaanalysis/code/tools/dendroscope/jre/lib/libavplugin-57.so; size: 51584 bytes; exists: false
       Install file: /home/kibet/bioinformatics/github/co1_metaanalysis/code/tools/dendroscope/jre/lib/libavplugin-ffmpeg-56.so; size: 51712 bytes; exists: false
       Install file: /home/kibet/bioinformatics/github/co1_metaanalysis/code/tools/dendroscope/jre/lib/libavplugin-ffmpeg-57.so; size: 51584 bytes; exists: false
       Install file: /home/kibet/bioinformatics/github/co1_metaanalysis/code/tools/dendroscope/jre/lib/libavplugin-ffmpeg-58.so; size: 51584 bytes; exists: false
       Install file: /home/kibet/bioinformatics/github/co1_metaanalysis/code/tools/dendroscope/jre/lib/libawt.so; size: 753984 bytes; exists: false
       Install file: /home/kibet/bioinformatics/github/co1_metaanalysis/code/tools/dendroscope/jre/lib/libawt_headless.so; size: 45112 bytes; exists: false
       Install file: /home/kibet/bioinformatics/github/co1_metaanalysis/code/tools/dendroscope/jre/lib/libawt_xawt.so; size: 473400 bytes; exists: false
       Install file: /home/kibet/bioinformatics/github/co1_metaanalysis/code/tools/dendroscope/jre/lib/libdecora_sse.so; size: 74720 bytes; exists: false
       Install file: /home/kibet/bioinformatics/github/co1_metaanalysis/code/tools/dendroscope/jre/lib/libfontmanager.so; size: 1923584 bytes; exists: false
       Install file: /home/kibet/bioinformatics/github/co1_metaanalysis/code/tools/dendroscope/jre/lib/libfreetype.so; size: 791992 bytes; exists: false
       Install file: /home/kibet/bioinformatics/github/co1_metaanalysis/code/tools/dendroscope/jre/lib/libfxplugins.so; size: 51016 bytes; exists: false
       Install file: /home/kibet/bioinformatics/github/co1_metaanalysis/code/tools/dendroscope/jre/lib/libglass.so; size: 12928 bytes; exists: false
       Install file: /home/kibet/bioinformatics/github/co1_metaanalysis/code/tools/dendroscope/jre/lib/libglassgtk2.so; size: 354528 bytes; exists: false
       Install file: /home/kibet/bioinformatics/github/co1_metaanalysis/code/tools/dendroscope/jre/lib/libglassgtk3.so; size: 354768 bytes; exists: false
       Install file: /home/kibet/bioinformatics/github/co1_metaanalysis/code/tools/dendroscope/jre/lib/libgstreamer-lite.so; size: 2245120 bytes; exists: false
       Install file: /home/kibet/bioinformatics/github/co1_metaanalysis/code/tools/dendroscope/jre/lib/libjava.so; size: 192568 bytes; exists: false
       Install file: /home/kibet/bioinformatics/github/co1_metaanalysis/code/tools/dendroscope/jre/lib/libjavafx_font.so; size: 16928 bytes; exists: false
       Install file: /home/kibet/bioinformatics/github/co1_metaanalysis/code/tools/dendroscope/jre/lib/libjavafx_font_freetype.so; size: 27368 bytes; exists: false
       Install file: /home/kibet/bioinformatics/github/co1_metaanalysis/code/tools/dendroscope/jre/lib/libjavafx_font_pango.so; size: 25368 bytes; exists: false
       Install file: /home/kibet/bioinformatics/github/co1_metaanalysis/code/tools/dendroscope/jre/lib/libjavafx_iio.so; size: 256208 bytes; exists: false
       Install file: /home/kibet/bioinformatics/github/co1_metaanalysis/code/tools/dendroscope/jre/lib/libjavajpeg.so; size: 263072 bytes; exists: false
       Install file: /home/kibet/bioinformatics/github/co1_metaanalysis/code/tools/dendroscope/jre/lib/libjawt.so; size: 8104 bytes; exists: false
       Install file: /home/kibet/bioinformatics/github/co1_metaanalysis/code/tools/dendroscope/jre/lib/libjfxmedia.so; size: 512528 bytes; exists: false
       Install file: /home/kibet/bioinformatics/github/co1_metaanalysis/code/tools/dendroscope/jre/lib/libjfxwebkit.so; size: 89884912 bytes; exists: false
       Install file: /home/kibet/bioinformatics/github/co1_metaanalysis/code/tools/dendroscope/jre/lib/libjimage.so; size: 592704 bytes; exists: false
       Install file: /home/kibet/bioinformatics/github/co1_metaanalysis/code/tools/dendroscope/jre/lib/libjli.so; size: 79304 bytes; exists: false
       Install file: /home/kibet/bioinformatics/github/co1_metaanalysis/code/tools/dendroscope/jre/lib/libjsig.so; size: 13568 bytes; exists: false
       Install file: /home/kibet/bioinformatics/github/co1_metaanalysis/code/tools/dendroscope/jre/lib/libjsound.so; size: 84208 bytes; exists: false
       Install file: /home/kibet/bioinformatics/github/co1_metaanalysis/code/tools/dendroscope/jre/lib/liblcms.so; size: 572816 bytes; exists: false
       Install file: /home/kibet/bioinformatics/github/co1_metaanalysis/code/tools/dendroscope/jre/lib/libmlib_image.so; size: 585352 bytes; exists: false
       Install file: /home/kibet/bioinformatics/github/co1_metaanalysis/code/tools/dendroscope/jre/lib/libnet.so; size: 107592 bytes; exists: false
       Install file: /home/kibet/bioinformatics/github/co1_metaanalysis/code/tools/dendroscope/jre/lib/libnio.so; size: 94504 bytes; exists: false
       Install file: /home/kibet/bioinformatics/github/co1_metaanalysis/code/tools/dendroscope/jre/lib/libprefs.so; size: 8504 bytes; exists: false
       Install file: /home/kibet/bioinformatics/github/co1_metaanalysis/code/tools/dendroscope/jre/lib/libprism_common.so; size: 59080 bytes; exists: false
       Install file: /home/kibet/bioinformatics/github/co1_metaanalysis/code/tools/dendroscope/jre/lib/libprism_es2.so; size: 63784 bytes; exists: false
       Install file: /home/kibet/bioinformatics/github/co1_metaanalysis/code/tools/dendroscope/jre/lib/libprism_sw.so; size: 71432 bytes; exists: false
       Install file: /home/kibet/bioinformatics/github/co1_metaanalysis/code/tools/dendroscope/jre/lib/libsplashscreen.so; size: 374848 bytes; exists: false
       Install file: /home/kibet/bioinformatics/github/co1_metaanalysis/code/tools/dendroscope/jre/lib/libverify.so; size: 81672 bytes; exists: false
       Install file: /home/kibet/bioinformatics/github/co1_metaanalysis/code/tools/dendroscope/jre/lib/libzip.so; size: 38184 bytes; exists: false
       Install file: /home/kibet/bioinformatics/github/co1_metaanalysis/code/tools/dendroscope/jre/lib/modules; size: 78790854 bytes; exists: false
       Install file: /home/kibet/bioinformatics/github/co1_metaanalysis/code/tools/dendroscope/jre/lib/psfont.properties.ja; size: 3793 bytes; exists: false
       Install file: /home/kibet/bioinformatics/github/co1_metaanalysis/code/tools/dendroscope/jre/lib/psfontj2d.properties; size: 11390 bytes; exists: false
       Install file: /home/kibet/bioinformatics/github/co1_metaanalysis/code/tools/dendroscope/jre/lib/security/blacklisted.certs; size: 1253 bytes; exists: false
       Install file: /home/kibet/bioinformatics/github/co1_metaanalysis/code/tools/dendroscope/jre/lib/security/cacerts; size: 103147 bytes; exists: false
       Install file: /home/kibet/bioinformatics/github/co1_metaanalysis/code/tools/dendroscope/jre/lib/security/default.policy; size: 9427 bytes; exists: false
       Install file: /home/kibet/bioinformatics/github/co1_metaanalysis/code/tools/dendroscope/jre/lib/security/public_suffix_list.dat; size: 233897 bytes; exists: false
       Install file: /home/kibet/bioinformatics/github/co1_metaanalysis/code/tools/dendroscope/jre/lib/server/libjsig.so; size: 13568 bytes; exists: false
       Install file: /home/kibet/bioinformatics/github/co1_metaanalysis/code/tools/dendroscope/jre/lib/server/libjvm.so; size: 24500488 bytes; exists: false
       Install file: /home/kibet/bioinformatics/github/co1_metaanalysis/code/tools/dendroscope/jre/lib/tzdb.dat; size: 107567 bytes; exists: false
       Install file: /home/kibet/bioinformatics/github/co1_metaanalysis/code/tools/dendroscope/jre/man/man1/java.1; size: 195888 bytes; exists: false
       Install file: /home/kibet/bioinformatics/github/co1_metaanalysis/code/tools/dendroscope/jre/man/man1/jfr.1; size: 9037 bytes; exists: false
       Install file: /home/kibet/bioinformatics/github/co1_metaanalysis/code/tools/dendroscope/jre/man/man1/jrunscript.1; size: 5280 bytes; exists: false
       Install file: /home/kibet/bioinformatics/github/co1_metaanalysis/code/tools/dendroscope/jre/man/man1/keytool.1; size: 106917 bytes; exists: false
       Install file: /home/kibet/bioinformatics/github/co1_metaanalysis/code/tools/dendroscope/jre/release; size: 280 bytes; exists: false
       Install file: /home/kibet/bioinformatics/github/co1_metaanalysis/code/tools/dendroscope/.install4j/Dendroscope.png; size: 3211 bytes; exists: false
       File options set to: [fileTime: Wed Aug 25 17:17:50 EAT 2021, mode: 644, overwriteMode: Always, shared: false, uninstallMode: Always, delayIfNecessary: false]
       Install file: /home/kibet/bioinformatics/github/co1_metaanalysis/code/tools/dendroscope/.install4j/automaticUpdater; size: 13508 bytes; exists: false
       File options set to: [fileTime: Wed Aug 25 17:17:50 EAT 2021, mode: 755, overwriteMode: If newer otherwise ask, shared: false, uninstallMode: If created, delayIfNecessary: false]
       Install file: /home/kibet/bioinformatics/github/co1_metaanalysis/code/tools/dendroscope/.install4j/automaticUpdater.png; size: 1884 bytes; exists: false
       File options set to: [fileTime: Wed Aug 25 17:17:50 EAT 2021, mode: 644, overwriteMode: Always, shared: false, uninstallMode: Always, delayIfNecessary: false]
       Install file: /home/kibet/bioinformatics/github/co1_metaanalysis/code/tools/dendroscope/.install4j/uninstall.png; size: 6648 bytes; exists: false
       Install file: /home/kibet/bioinformatics/github/co1_metaanalysis/code/tools/dendroscope/uninstall; size: 13675 bytes; exists: false
       File options set to: [fileTime: Wed Aug 25 17:17:50 EAT 2021, mode: 700, overwriteMode: If newer otherwise ask, shared: false, uninstallMode: If created, delayIfNecessary: false]
       Install file: /home/kibet/bioinformatics/github/co1_metaanalysis/code/tools/dendroscope/manual.pdf; size: 1264723 bytes; exists: false
       File options set to: [fileTime: Wed Aug 25 17:17:50 EAT 2021, mode: 644, overwriteMode: Always ask except for update, shared: false, uninstallMode: If created, delayIfNecessary: false]
       Install file: /home/kibet/bioinformatics/github/co1_metaanalysis/code/tools/dendroscope/Examples/fishes/both; size: 32666 bytes; exists: false
       Install file: /home/kibet/bioinformatics/github/co1_metaanalysis/code/tools/dendroscope/Examples/fishes/both-hybrid.nexml; size: 145814 bytes; exists: false
       Install file: /home/kibet/bioinformatics/github/co1_metaanalysis/code/tools/dendroscope/Examples/fishes/both.dendro; size: 6264 bytes; exists: false
       Install file: /home/kibet/bioinformatics/github/co1_metaanalysis/code/tools/dendroscope/Examples/fishes/first.nexml; size: 27460 bytes; exists: false
       Install file: /home/kibet/bioinformatics/github/co1_metaanalysis/code/tools/dendroscope/Examples/fishes/second.nexml; size: 20038 bytes; exists: false
       Install file: /home/kibet/bioinformatics/github/co1_metaanalysis/code/tools/dendroscope/Examples/grasses/GBSS-original.nexml; size: 17389 bytes; exists: false
       Install file: /home/kibet/bioinformatics/github/co1_metaanalysis/code/tools/dendroscope/Examples/grasses/ITS-original.nexml; size: 38990 bytes; exists: false
       Install file: /home/kibet/bioinformatics/github/co1_metaanalysis/code/tools/dendroscope/Examples/grasses/ndhF-original.nexml; size: 57237 bytes; exists: false
       Install file: /home/kibet/bioinformatics/github/co1_metaanalysis/code/tools/dendroscope/Examples/grasses/phyB-original.nexml; size: 35410 bytes; exists: false
       Install file: /home/kibet/bioinformatics/github/co1_metaanalysis/code/tools/dendroscope/Examples/grasses/rbcL-original.nexml; size: 9110 bytes; exists: false
       Install file: /home/kibet/bioinformatics/github/co1_metaanalysis/code/tools/dendroscope/Examples/grasses/rpoC2-original.nexml; size: 28212 bytes; exists: false
       Install file: /home/kibet/bioinformatics/github/co1_metaanalysis/code/tools/dendroscope/Examples/nymphoides/its.nexml; size: 33998 bytes; exists: false
       Install file: /home/kibet/bioinformatics/github/co1_metaanalysis/code/tools/dendroscope/Examples/nymphoides/matK_trnK.nexml; size: 28761 bytes; exists: false
       Install file: /home/kibet/bioinformatics/github/co1_metaanalysis/code/tools/dendroscope/Dendroscope; size: 13649 bytes; exists: false
       File options set to: [fileTime: Wed Aug 25 17:17:50 EAT 2021, mode: 755, overwriteMode: If newer otherwise ask, shared: false, uninstallMode: If created, delayIfNecessary: false]
       Install file: /home/kibet/bioinformatics/github/co1_metaanalysis/code/tools/dendroscope/Dendroscope.vmoptions; size: 243 bytes; exists: true
       File options set to: [fileTime: Wed Aug 25 17:17:50 EAT 2021, mode: 644, overwriteMode: Never, shared: false, uninstallMode: If created, but not for update, delayIfNecessary: false]
       Don't overwrite because file exists (ron: false)
       Did not replace /home/kibet/bioinformatics/github/co1_metaanalysis/code/tools/dendroscope/Dendroscope.vmoptions
       Install file: /home/kibet/bioinformatics/github/co1_metaanalysis/code/tools/dendroscope/License.txt; size: 968 bytes; exists: false
       File options set to: [fileTime: Wed Aug 25 17:17:50 EAT 2021, mode: 644, overwriteMode: Always ask except for update, shared: false, uninstallMode: If created, delayIfNecessary: false]
       Install file: /home/kibet/bioinformatics/github/co1_metaanalysis/code/tools/dendroscope/jars/LICENSE-commons-collections-3.2.1.txt; size: 11560 bytes; exists: false
       Install file: /home/kibet/bioinformatics/github/co1_metaanalysis/code/tools/dendroscope/jars/VectorGraphics2D-0.13.jar; size: 94027 bytes; exists: false
       Install file: /home/kibet/bioinformatics/github/co1_metaanalysis/code/tools/dendroscope/jars/VectorGraphics2D-License.txt; size: 7446 bytes; exists: false
       Install file: /home/kibet/bioinformatics/github/co1_metaanalysis/code/tools/dendroscope/jars/commons-collections-3.2.1.jar; size: 575389 bytes; exists: false
       Install file: /home/kibet/bioinformatics/github/co1_metaanalysis/code/tools/dendroscope/jars/dendroscope3.jar; size: 1203051 bytes; exists: false
       Install file: /home/kibet/bioinformatics/github/co1_metaanalysis/code/tools/dendroscope/jars/jloda.jar; size: 1559590 bytes; exists: false
       Install file: /home/kibet/bioinformatics/github/co1_metaanalysis/code/tools/dendroscope/jars/nexml.jar; size: 85932 bytes; exists: false
       Install file: /home/kibet/bioinformatics/github/co1_metaanalysis/code/tools/dendroscope/.install4j/inst_jre.cfg; size: 53 bytes; exists: false
       File options set to: [fileTime: Wed Sep 01 08:55:33 EAT 2021, mode: 644, overwriteMode: Always, shared: false, uninstallMode: If created, delayIfNecessary: false]
       Install file: /home/kibet/bioinformatics/github/co1_metaanalysis/code/tools/dendroscope/.install4j/pref_jre.cfg; size: 78 bytes; exists: false
       File options set to: [fileTime: Wed Sep 01 08:55:33 EAT 2021, mode: 644, overwriteMode: Always, shared: false, uninstallMode: If created, delayIfNecessary: false]
       Install file: /home/kibet/bioinformatics/github/co1_metaanalysis/code/tools/dendroscope/.install4j/i4jruntime.jar; size: 2051573 bytes; exists: false
       File options set to: [fileTime: Wed Sep 01 08:55:33 EAT 2021, mode: 644, overwriteMode: Always, shared: false, uninstallMode: Always, delayIfNecessary: false]
       Install file: /home/kibet/bioinformatics/github/co1_metaanalysis/code/tools/dendroscope/.install4j/MessagesDefault; size: 34270 bytes; exists: false
       Install file: /home/kibet/bioinformatics/github/co1_metaanalysis/code/tools/dendroscope/.install4j/i4jparams.conf; size: 106106 bytes; exists: false
       Install file: /home/kibet/bioinformatics/github/co1_metaanalysis/code/tools/dendroscope/.install4j/stats.properties; size: 771 bytes; exists: false
       Install file: /home/kibet/bioinformatics/github/co1_metaanalysis/code/tools/dendroscope/.install4j/i4jempty.ttf; size: 1004 bytes; exists: false
       Install file: /home/kibet/bioinformatics/github/co1_metaanalysis/code/tools/dendroscope/.install4j/uninstallPrevious.log; size: 4373 bytes; exists: false
       Install file: /home/kibet/bioinformatics/github/co1_metaanalysis/code/tools/dendroscope/.install4j/launchers.xml; size: 275 bytes; exists: false
       Install file: /home/kibet/bioinformatics/github/co1_metaanalysis/code/tools/dendroscope/.install4j/user.jar; size: 26569 bytes; exists: false
       Install file: /home/kibet/bioinformatics/github/co1_metaanalysis/code/tools/dendroscope/.install4j/launcherbe003e81.jar; size: 820 bytes; exists: false
       Install file: /home/kibet/bioinformatics/github/co1_metaanalysis/code/tools/dendroscope/.install4j/launcherc67b37b5.jar; size: 793 bytes; exists: false
       Install file: /home/kibet/bioinformatics/github/co1_metaanalysis/code/tools/dendroscope/.install4j/launcher0.jar; size: 725 bytes; exists: false
       Install file: /home/kibet/bioinformatics/github/co1_metaanalysis/code/tools/dendroscope/.install4j/launcher2bfa42ba.jar; size: 757 bytes; exists: false
       Install file: /home/kibet/bioinformatics/github/co1_metaanalysis/code/tools/dendroscope/.install4j/i4j_extf_4_jg1g94_un9apv.png; size: 1884 bytes; exists: false
       Install file: /home/kibet/bioinformatics/github/co1_metaanalysis/code/tools/dendroscope/.install4j/i4j_extf_5_jg1g94_18gg8kx.png; size: 9202 bytes; exists: false
       Install file: /home/kibet/bioinformatics/github/co1_metaanalysis/code/tools/dendroscope/.install4j/libi4jinst.dylib; size: 129936 bytes; exists: false
       Install file: /home/kibet/bioinformatics/github/co1_metaanalysis/code/tools/dendroscope/.install4j/i4j_extf_3_jg1g94_vd2dea.png; size: 1187 bytes; exists: false
       Install file: /home/kibet/bioinformatics/github/co1_metaanalysis/code/tools/dendroscope/.install4j/i4j_extf_5_jg1g94_18gg8kx@2x.png; size: 15419 bytes; exists: false
       Install file: /home/kibet/bioinformatics/github/co1_metaanalysis/code/tools/dendroscope/.install4j/i4j_extf_0_jg1g94.utf8; size: 34270 bytes; exists: false
       Install file: /home/kibet/bioinformatics/github/co1_metaanalysis/code/tools/dendroscope/.install4j/libi4jinst2.dylib; size: 67032 bytes; exists: false
       Install file: /home/kibet/bioinformatics/github/co1_metaanalysis/code/tools/dendroscope/.install4j/i4j_extf_2_jg1g94_x7nby6.png; size: 756 bytes; exists: false
       Install file: /home/kibet/bioinformatics/github/co1_metaanalysis/code/tools/dendroscope/.install4j/i4j_extf_1_jg1g94.txt; size: 968 bytes; exists: false
       Backing up /home/kibet/bioinformatics/github/co1_metaanalysis/code/tools/dendroscope/.install4j/response.varfile
       Execute action successful after 1628 ms
[INFO] com.install4j.runtime.beans.actions.desktop.CreateProgramGroupAction [ID 1691242170]: Execute action
       Property categories: Application
       Property linkDirectory: /usr/local/bin
       Property programGroupEntryConfigs: []
       Property programGroupName: 
       Property uninstallerMenuName: Dendroscope Uninstaller
       Property addDefaultLauncherLinks: true
       Property addUninstaller: true
       Property allUsers: true
       Property failForSymlinksNotCreated: false
       Property rollbackSupported: true
       Property unixMenuEntries: true
       Property unixSymlinks: true
       Variable changed: sys.programGroupName=Dendroscope[class java.lang.String]
       Install file: /home/kibet/bioinformatics/github/co1_metaanalysis/code/tools/dendroscope/.install4j/install4j_1a1450c-Dendroscope.desktop; size: 354 bytes; exists: false
       File options set to: [fileTime: Wed Sep 01 08:55:33 EAT 2021, mode: 755, overwriteMode: Always, shared: false, uninstallMode: Always, delayIfNecessary: false]
[ERROR] com.install4j.runtime.beans.actions.desktop.CreateProgramGroupAction [ID 1691242170]: /usr/local/bin/Dendroscope
[INFO] com.install4j.runtime.beans.actions.desktop.CreateProgramGroupAction [ID 1691242170]: Execute action successful after 562 ms
[INFO] com.install4j.runtime.beans.actions.desktop.RegisterAddRemoveAction [ID 1691242171]: Execute action
       Property icon: null
       Property iconSource: Installer icon
       Property itemName: Dendroscope 3.7.6
       Property persistentProperties: {}
       Property rollbackSupported: true
       Execute action successful after 1 ms
[INFO] com.install4j.runtime.beans.screens.InstallationScreen [ID 1691242168]: Rollback barrier reached
       command: move 1 screens, executing actions, checking condition
[INFO] com.install4j.runtime.beans.screens.FormScreen [ID 1691242348]: Show screen
[INFO] com.install4j.runtime.beans.screens.FormScreen [ID 1691242348]: command: move 1 screens, executing actions, checking condition
[INFO] com.install4j.runtime.beans.screens.FormScreen [ID 1691242423]: Show screen
       Variable changed: myXmx=1200[class java.lang.Integer]
[INFO] com.install4j.runtime.beans.actions.misc.AddVmOptionsAction [ID 1691242424]: Execute action
       Property launcherId: 1691242142
       Property macosVmOptionsType: Contained in the application bundle
       Property vmOptions: [-Xmx1200M]
       Property rollbackSupported: true
       Backing up /home/kibet/bioinformatics/github/co1_metaanalysis/code/tools/dendroscope/Dendroscope.vmoptions
       Execute action successful after 12 ms
[INFO] com.install4j.runtime.beans.screens.FormScreen [ID 1691242423]: command: move 1 screens, executing actions, checking condition
[INFO] com.install4j.runtime.beans.screens.FinishedScreen [ID 1691242172]: Show screen
[INFO] com.install4j.runtime.beans.screens.FinishedScreen [ID 1691242172]: command: finish
       cleaning up
       Finished
