[INFO] logger started at Wed Sep 01 08:55:28 EAT 2021
[INFO] executable name: /home/kibet/bioinformatics/github/co1_metaanalysis/code/tools/dendroscope/uninstall
[INFO] install4j version: 8.0.4 (build 8111)
[INFO] Properties: 
-- listing properties --
java.specification.version=14
install4j.launcherId=uninstaller
sun.jnu.encoding=UTF-8
java.class.path=/home/kibet/bioinformatics/github/co1...
java.vm.vendor=AdoptOpenJDK
sun.arch.data.model=64
install4j.exeDir=/home/kibet/bioinformatics/github/co1...
java.vendor.url=https://adoptopenjdk.net/
user.timezone=Africa/Nairobi
java.vm.specification.version=14
os.name=Linux
sun.java.launcher=SUN_STANDARD
user.country=GB
sun.boot.library.path=/home/kibet/bioinformatics/github/co1...
install4j.alternativeLogfile=/tmp/i4j_log_uninstaller2597630094630...
sun.java.command=install4j.Uninstaller1175798920 -q -D...
jdk.debug=release
sun.cpu.endian=little
user.home=/home/kibet
user.language=en
java.specification.vendor=Oracle Corporation
java.version.date=2020-04-14
java.home=/home/kibet/bioinformatics/github/co1...
file.separator=/
java.vm.compressedOopsMode=32-bit
line.separator=

java.specification.name=Java Platform API Specification
java.vm.specification.vendor=Oracle Corporation
exe4j.moduleName=/home/kibet/bioinformatics/github/co1...
sun.management.compiler=HotSpot 64-Bit Tiered Compilers
install4j.dontUninstallServices=false
java.runtime.version=14.0.1+7
user.name=kibet
path.separator=:
os.version=5.4.0-81-generic
java.runtime.name=OpenJDK Runtime Environment
file.encoding=UTF-8
java.vm.name=OpenJDK 64-Bit Server VM
java.vendor.version=AdoptOpenJDK
install4j.jvmDir=/home/kibet/bioinformatics/github/co1...
install4j.appDir=/home/kibet/bioinformatics/github/co1...
java.vendor.url.bug=https://github.com/AdoptOpenJDK/openj...
java.io.tmpdir=/tmp
java.version=14.0.1
user.dir=/home/kibet/bioinformatics/github/co1...
os.arch=amd64
java.vm.specification.name=Java Virtual Machine Specification
java.library.path=/home/kibet/bioinformatics/github/co1...
java.vm.info=mixed mode
java.vendor=AdoptOpenJDK
java.vm.version=14.0.1+7
sun.io.unicode.encoding=UnicodeLittle
install4j.upgradeUninstall=true
java.class.version=58.0
install4j.swt=false
[INFO] com.install4j.runtime.beans.actions.misc.RequestPrivilegesAction [ID 1691242262]: Execute action
       Property allRequested: false
       Property failIfNotObtainedMac: true
       Property failIfNotObtainedWin: true
       Property failIfNotRootUnix: false
       Property obtainIfAdminMac: false
       Property obtainIfAdminWin: true
       Property obtainIfNormalMac: false
       Property obtainIfNormalWin: false
       Property rollbackSupported: false
       Property updateInstallationDirectory: true
       Execute action successful after 6 ms
[INFO] com.install4j.runtime.beans.screens.StartupScreen [ID 16]: command: move 1 screens, executing actions, checking condition
[INFO] com.install4j.runtime.beans.screens.UninstallWelcomeScreen [ID 1691242173]: Show screen
[INFO] com.install4j.runtime.beans.screens.UninstallWelcomeScreen [ID 1691242173]: command: move 1 screens, executing actions, checking condition
[INFO] com.install4j.runtime.beans.screens.UninstallationScreen [ID 1691242174]: Show screen
[INFO] com.install4j.runtime.beans.actions.UninstallFilesAction [ID 1691242175]: Execute action
[INFO] com.install4j.runtime.beans.actions.desktop.RegisterAddRemoveAction: executing auto uninstall
[INFO] com.install4j.runtime.installer.helper.fileinst.FileRemover: postponing deletion of /home/kibet/bioinformatics/github/co1_metaanalysis/code/tools/dendroscope/.install4j/i4jruntime.jar
       postponing deletion of /home/kibet/bioinformatics/github/co1_metaanalysis/code/tools/dendroscope/.install4j/launcher2bfa42ba.jar
       postponing deletion of /home/kibet/bioinformatics/github/co1_metaanalysis/code/tools/dendroscope/.install4j/user.jar
[INFO] com.install4j.runtime.beans.actions.UninstallFilesAction [ID 1691242175]: Execute action successful after 626 ms
[INFO] com.install4j.runtime.beans.screens.UninstallationScreen [ID 1691242174]: command: move 1 screens, executing actions, checking condition
[INFO] com.install4j.runtime.beans.screens.UninstallFailureScreen [ID 1691242176]: Show screen
[INFO] com.install4j.runtime.beans.screens.UninstallFailureScreen [ID 1691242176]: command: finish
       cleaning up
       Finished
