Taxa bit representation:
Ddis_Lip 10000000000000000000000
Atha_OML 01000000000000000000000
Hsap_ApoD 00100000000000000000000
Dmel_NLaz 00010000000000000000000
Dmel_GLaz 00001000000000000000000
Same_Laz 00000100000000000000000
Msex_IcyA 00000010000000000000000
Dmel_Karl 00000001000000000000000
Rnor_RBP 00000000100000000000000
Btau_BLB 00000000010000000000000
Hsap_Glyc 00000000001000000000000
Meug_BL 00000000000100000000000
Rnor_PGDS 00000000000010000000000
Hsap_NGAL 00000000000001000000000
Mmus_MUP1 00000000000000100000000
Ccri_Aphr 00000000000000010000000
Mmus_A1mg 00000000000000001000000
Hsap_C8GC 00000000000000000100000
Sscr_VEG 00000000000000000010000
Hsap_OBP2 00000000000000000001000
Hsap_a1G2 00000000000000000000100
Ggal_QS21 00000000000000000000010
Rnor_ERBP 00000000000000000000001
Clade List (<taxon members> = <clade name>): 

>Dataset_0
[25,D,0.00488281,00011111111111111111111,6,802:803:804:805:806:807]
[26,D,0.00488281,00011111111111111111111,2,420:421]
[72,D,0.0195312,00000001111111111111111,3,866:872:873]
[27,D,0.0224609,00011110000000000000000,1,392]
[73,D,0.0234375,00000001111111111111111,1,500]
[74,D,0.0234375,00000001111111111111111,2,200:201]
[75,D,0.0253906,00000001111111111111111,5,67:69:79:89:94]
[76,I,0.0361328,00000001111111111111111,2,363:364]
[77,D,0.0371094,00000001111111111111111,1,65]
[78,D,0.046875,00000001111111111111111,1,379]
[0,I,0.0556641,11000000000000000000000,4,609:610:611:614]
[1,D,0.0595703,11000000000000000000000,6,94:95:107:186:200:201]
[2,I,0.0595703,11000000000000000000000,5,867:868:869:870:871]
[79,I,0.0664062,00000001111111111111111,10,728:729:730:738:749:760:761:762:782:783]
[28,D,0.0683594,00011110000000000000000,3,866:872:873]
[23,D,0.0751953,00100000000000000000000,2,65:66]
[96,I,0.0908203,00000000111111111111111,3,108:109:110]
[97,D,0.12793,00000000111111111111111,3,66:95:107]
[80,I,0.133789,00000001000000000000000,11,96:97:98:99:100:101:102:103:104:105:106]
[98,D,0.135742,00000000100000000000000,3,641:710:712]
[107,I,0.136719,00000000011111111111111,3,642:643:644]
[24,D,0.140625,00100000000000000000000,2,470:474]
[81,I,0.141602,00000001000000000000000,1,759]
[32,I,0.145508,00001110000000000000000,1,411]
[108,D,0.155273,00000000011111111111111,2,479:480]
[82,I,0.157227,00000001000000000000000,1,365]
[109,D,0.168945,00000000011111111111111,1,406]
[110,I,0.170898,00000000011111111111111,7,289:290:312:313:321:322:323]
[99,D,0.176758,00000000100000000000000,4,782:783:808:822]
[111,D,0.178711,00000000011111111111111,1,280]
[33,D,0.182617,00001100000000000000000,5,94:95:107:186:200]
[63,D,0.183594,00000010000000000000000,4,65:66:67:69]
[112,D,0.199219,00000000011111111111111,5,278:279:284:288:289]
[34,I,0.204102,00001100000000000000000,4,90:91:92:93]
[113,D,0.208984,00000000011111111111111,2,108:109]
[3,I,0.225586,11000000000000000000000,2,612:613]
[4,D,0.228516,11000000000000000000000,5,539:578:609:610:611]
[46,I,0.242188,00000100000000000000000,1,528]
[5,D,0.250977,11000000000000000000000,11,807:808:822:866:867:868:869:870:871:872:873]
[114,I,0.250977,00000000011111111111111,6,295:296:297:309:310:311]
[115,D,0.253906,00000000011111111111111,5,637:640:641:642:643]
[35,I,0.260742,00001000000000000000000,3,275:276:277]
[47,D,0.268555,00000100000000000000000,1,333]
[116,D,0.269531,00000000011111111111111,2,351:352]
[117,D,0.271484,00000000011111111111110,3,749:760:761]
[118,D,0.273438,00000000011111111111110,3,323:326:327]
[119,D,0.279297,00000000011111111111110,1,260]
[36,D,0.28125,00001000000000000000000,2,469:470]
[48,I,0.293945,00000100000000000000000,8,858:859:860:861:862:863:864:865]
[120,I,0.297852,00000000011111111111110,8,648:678:679:692:693:696:697:698]
[100,D,0.305664,00000000100000000000000,3,760:761:762]
[121,I,0.305664,00000000011111111111110,3,317:318:320]
[83,I,0.311523,00000001000000000000000,6,750:751:752:753:757:758]
[64,I,0.3125,00000010000000000000000,11,830:831:832:836:837:838:839:840:841:856:857]
[49,I,0.313477,00000100000000000000000,1,396]
[6,D,0.320312,11000000000000000000000,3,630:637:640]
[84,D,0.333008,00000001000000000000000,1,103]
[37,D,0.335938,00001000000000000000000,9,65:66:67:69:79:89:90:91:92]
[122,D,0.335938,00000000011111111111100,3,696:697:698]
[123,I,0.339844,00000000011111111111100,5,649:650:653:654:677]
[65,I,0.357422,00000010000000000000000,3,833:834:835]
[124,I,0.367188,00000000011111111111100,6,166:167:168:169:170:183]
[50,I,0.37207,00000100000000000000000,7,602:603:604:605:606:607:608]
[7,I,0.374023,11000000000000000000000,1,68]
[206,I,0.37793,00000000000000001111100,10,127:128:129:130:131:132:133:134:157:158]
[207,I,0.389648,00000000000000001111100,5,585:586:593:594:595]
[125,D,0.394531,00000000011100000000000,5,649:650:653:654:677]
[233,D,0.398438,00000000000000000011100,2,157:158]
[85,D,0.402344,00000001000000000000000,1,343]
[234,I,0.413086,00000000000000000011100,1,156]
[126,D,0.415039,00000000011100000000000,1,392]
[235,D,0.417969,00000000000000000011100,4,782:783:808:822]
[312,I,0.418945,00000000000000000000010,12,111:112:113:114:119:120:121:122:123:124:125:126]
[323,I,0.431641,00000000000000000000001,1,298]
[236,D,0.432617,00000000000000000011100,2,110:127]
[163,D,0.433594,00000000000011000000000,5,110:166:167:168:169]
[324,I,0.433594,00000000000000000000001,4,823:827:828:829]
[237,D,0.446289,00000000000000000011100,7,309:310:311:312:313:317:318]
[238,D,0.448242,00000000000000000011100,2,377:378]
[164,D,0.449219,00000000000011000000000,7,644:648:649:650:653:654:677]
[165,D,0.451172,00000000000011000000000,2,170:183]
[86,I,0.453125,00000001000000000000000,3,754:755:756]
[180,I,0.455078,00000000000000110000000,1,337]
[208,I,0.458008,00000000000000001100000,5,423:424:425:426:427]
[51,I,0.459961,00000100000000000000000,6,202:203:204:205:206:207]
[277,I,0.462891,00000000000000000000100,2,459:460]
[101,D,0.469727,00000000100000000000000,1,273]
[102,D,0.469727,00000000100000000000000,2,364:366]
[325,I,0.486328,00000000000000000000001,3,824:825:826]
[127,D,0.488281,00000000011100000000000,4,110:166:167:168]
[128,I,0.493164,00000000011100000000000,6,763:764:765:773:774:781]
[8,D,0.494141,11000000000000000000000,2,260:261]
[181,I,0.49707,00000000000000110000000,3,784:785:786]
[313,I,0.498047,00000000000000000000010,3,462:463:464]
[182,I,0.5,00000000000000110000000,7,159:160:161:162:163:164:165]
[166,I,0.506836,00000000000011000000000,2,690:691]
[9,I,0.513672,11000000000000000000000,7,80:81:82:83:84:85:88]
[278,D,0.513672,00000000000000000000100,3,730:738:762]
[129,I,0.519531,00000000011100000000000,2,766:772]
[314,I,0.521484,00000000000000000000010,7,731:732:733:734:735:736:737]
[315,I,0.523438,00000000000000000000010,4,115:116:117:118]
[87,D,0.525391,00000001000000000000000,2,351:352]
[183,D,0.529297,00000000000000110000000,6,159:160:161:162:163:164]
[130,D,0.530273,00000000011100000000000,1,455]
[316,D,0.530273,00000000000000000000010,5,295:296:297:309:310]
[239,I,0.532227,00000000000000000011000,5,304:305:306:307:308]
[240,I,0.532227,00000000000000000011000,2,471:472]
[184,I,0.535156,00000000000000110000000,10,171:172:173:174:177:178:179:180:181:182]
[279,I,0.537109,00000000000000000000100,2,386:387]
[88,I,0.541016,00000001000000000000000,2,346:347]
[241,D,0.548828,00000000000000000011000,2,586:593]
[52,D,0.549805,00000100000000000000000,11,91:92:93:201:202:203:204:205:206:207:222]
[242,D,0.551758,00000000000000000011000,2,730:738]
[131,I,0.556641,00000000011100000000000,2,694:695]
[132,I,0.556641,00000000011100000000000,1,449]
[66,D,0.561523,00000010000000000000000,2,79:89]
[280,D,0.5625,00000000000000000000100,5,128:129:130:131:132]
[10,I,0.570312,11000000000000000000000,1,711]
[53,I,0.570312,00000100000000000000000,9,70:71:72:73:74:75:76:77:78]
[133,D,0.574219,00000000011100000000000,1,822]
[134,I,0.576172,00000000011100000000000,1,338]
[281,I,0.582031,00000000000000000000100,5,299:300:301:302:303]
[185,I,0.584961,00000000000000110000000,3,465:466:467]
[209,D,0.59082,00000000000000001100000,6,630:644:648:649:650:653]
[282,I,0.59082,00000000000000000000100,2,596:597]
[210,D,0.592773,00000000000000001100000,10,712:728:729:730:738:762:782:783:808:822]
[243,D,0.592773,00000000000000000011000,8,679:692:693:710:712:728:729:762]
[283,I,0.595703,00000000000000000000100,3,223:224:225]
[211,D,0.59668,00000000000000001100000,1,710]
[89,I,0.59668,00000001000000000000000,3,281:282:283]
[135,D,0.597656,00000000011100000000000,12,533:539:578:615:630:644:648:678:679:692:693:694]
[54,D,0.604492,00000100000000000000000,3,608:615:630]
[186,I,0.606445,00000000000000110000000,2,374:375]
[284,D,0.606445,00000000000000000000100,2,594:595]
[285,D,0.606445,00000000000000000000100,11,156:166:167:168:169:170:183:186:222:223:224]
[90,D,0.607422,00000001000000000000000,1,376]
[29,D,0.608398,00010000000000000000000,7,89:94:95:107:186:200:201]
[19,D,0.609375,01000000000000000000000,6,66:67:68:69:79:80]
[244,D,0.611328,00000000000000000011000,6,166:167:168:169:170:183]
[187,D,0.619141,00000000000000110000000,3,313:317:318]
[217,I,0.619141,00000000000000000100000,1,473]
[218,D,0.619141,00000000000000000100000,4,297:309:310:311]
[11,D,0.623047,10000000000000000000000,13,67:68:69:79:80:81:82:83:84:85:88:89:222]
[167,I,0.625977,00000000000010000000000,10,739:740:741:742:743:744:745:746:747:748]
[219,I,0.629883,00000000000000000100000,1,240]
[257,I,0.629883,00000000000000000001000,5,655:656:657:658:659]
[220,D,0.635742,00000000000000000100000,3,183:186:222]
[245,D,0.635742,00000000000000000010000,5,128:129:130:131:132]
[55,I,0.636719,00000100000000000000000,1,638]
[191,D,0.639648,00000000000000010000000,7,110:165:166:167:168:169:170]
[20,D,0.642578,01000000000000000000000,1,438]
[286,I,0.642578,00000000000000000000100,17,135:136:137:138:139:140:141:142:143:144:145:146:147:152:153:154:155]
[221,I,0.652344,00000000000000000100000,10,616:617:618:619:620:621:622:623:624:625]
[258,D,0.652344,00000000000000000001000,5,305:306:307:308:320]
[188,D,0.655273,00000000000000100000000,3,110:165:166]
[168,D,0.657227,00000000000010000000000,2,313:317]
[259,I,0.661133,00000000000000000001000,6,540:541:547:565:566:567]
[317,D,0.664062,00000000000000000000010,4,124:125:126:186]
[222,I,0.665039,00000000000000000100000,1,372]
[136,D,0.666992,00000000011100000000000,4,169:170:183:186]
[137,I,0.668945,00000000011100000000000,19,37:38:39:40:41:42:43:44:45:46:52:53:54:55:56:57:58:63:64]
[287,D,0.668945,00000000000000000000100,3,712:728:729]
[192,I,0.669922,00000000000000010000000,2,175:176]
[260,D,0.669922,00000000000000000001000,5,133:134:156:186:222]
[103,D,0.675781,00000000100000000000000,2,435:436]
[288,D,0.675781,00000000000000000000100,3,152:153:154]
[67,D,0.677734,00000010000000000000000,4,835:836:837:838]
[223,I,0.680664,00000000000000000100000,6,579:580:581:582:583:584]
[246,I,0.681641,00000000000000000010000,7,226:227:235:236:237:238:239]
[174,I,0.688477,00000000000001000000000,6,631:632:633:634:635:636]
[193,D,0.688477,00000000000000010000000,8,171:172:173:174:175:176:177:178]
[38,D,0.688477,00001000000000000000000,2,408:409]
[289,D,0.688477,00000000000000000000100,10,133:134:135:136:137:138:139:140:141:142]
[247,D,0.69043,00000000000000000010000,1,273]
[326,D,0.696289,00000000000000000000001,1,260]
[21,D,0.698242,01000000000000000000000,4,65:81:82:83]
[175,D,0.700195,00000000000001000000000,5,762:782:783:808:822]
[318,D,0.701172,00000000000000000000010,6,630:644:648:678:679:692]
[104,D,0.703125,00000000100000000000000,3,108:109:110]
[327,I,0.704102,00000000000000000000001,2,502:503]
[12,D,0.708008,10000000000000000000000,3,392:393:394]
[248,I,0.711914,00000000000000000010000,11,660:661:662:663:664:665:666:667:668:669:670]
[176,D,0.711914,00000000000001000000000,11,578:615:630:631:632:633:634:635:636:678:679]
[261,I,0.71582,00000000000000000001000,2,356:357]
[169,I,0.719727,00000000000010000000000,1,319]
[189,D,0.720703,00000000000000100000000,3,371:373:374]
[249,I,0.720703,00000000000000000010000,7,228:229:230:231:232:233:234]
[262,D,0.720703,00000000000000000001000,8,654:655:656:657:658:659:677:678]
[13,I,0.726562,10000000000000000000000,15,787:788:789:790:791:792:793:794:795:796:797:798:799:800:801]
[138,D,0.728516,00000000011100000000000,9,37:38:39:40:41:42:43:44:45]
[290,I,0.731445,00000000000000000000100,4,148:149:150:151]
[328,D,0.733398,00000000000000000000001,2,110:186]
[212,I,0.735352,00000000000000001000000,10,568:569:570:571:572:573:574:575:576:577]
[291,D,0.738281,00000000000000000000100,2,290:295]
[263,I,0.739258,00000000000000000001000,13,24:25:26:27:28:29:30:31:32:33:34:35:36]
[56,D,0.739258,00000100000000000000000,2,433:434]
[264,D,0.742188,00000000000000000001000,1,345]
[139,I,0.743164,00000000011000000000000,1,487]
[265,D,0.743164,00000000000000000001000,4,565:566:567:578]
[39,I,0.744141,00001000000000000000000,14,208:209:210:211:212:213:214:215:216:217:218:219:220:221]
[194,I,0.744141,00000000000000010000000,13,187:188:189:190:191:192:193:194:195:196:197:198:199]
[177,I,0.744141,00000000000001000000000,5,534:535:536:537:538]
[224,D,0.746094,00000000000000000100000,9,110:127:128:129:130:131:132:133:134]
[148,I,0.750977,00000000000100000000000,6,775:776:777:778:779:780]
[266,D,0.751953,00000000000000000001000,7,28:29:30:31:32:33:34]
[329,I,0.751953,00000000000000000000001,2,403:404]
[91,D,0.753906,00000001000000000000000,3,373:377:378]
[195,D,0.754883,00000000000000010000000,2,808:822]
[149,D,0.758789,00000000000100000000000,12,730:738:762:763:764:765:766:772:773:774:775:776]
[68,D,0.760742,00000010000000000000000,1,333]
[150,I,0.762695,00000000000100000000000,3,417:418:419]
[140,I,0.764648,00000000011000000000000,13,809:810:811:812:813:814:815:816:817:818:819:820:821]
[292,D,0.765625,00000000000000000000100,1,385]
[267,I,0.767578,00000000000000000001000,4,598:599:600:601]
[268,I,0.769531,00000000000000000001000,4,548:549:550:564]
[330,I,0.769531,00000000000000000000001,6,2:8:9:10:11:12]
[293,D,0.772461,00000000000000000000100,6,615:630:644:648:649:650]
[294,D,0.773438,00000000000000000000100,3,692:693:710]
[151,I,0.776367,00000000000100000000000,6,518:519:520:521:526:527]
[225,I,0.779297,00000000000000000100000,3,314:315:316]
[170,I,0.782227,00000000000010000000000,6,241:242:253:254:255:256]
[295,I,0.785156,00000000000000000000100,2,361:362]
[57,D,0.788086,00000100000000000000000,3,578:602:603]
[226,I,0.789062,00000000000000000100000,2,415:416]
[92,D,0.793945,00000001000000000000000,8,757:758:759:760:761:762:782:783]
[22,I,0.793945,01000000000000000000000,2,86:87]
[213,D,0.793945,00000000000000001000000,1,427]
[152,I,0.795898,00000000000100000000000,10,713:714:720:721:722:723:724:725:726:727]
[214,I,0.796875,00000000000000001000000,1,494]
[30,D,0.796875,00010000000000000000000,1,65]
[196,D,0.800781,00000000000000010000000,4,692:693:710:712]
[58,D,0.802734,00000100000000000000000,3,67:69:70]
[296,I,0.802734,00000000000000000000100,8,680:681:682:683:684:685:686:687]
[93,D,0.804688,00000001000000000000000,10,539:578:615:630:637:640:641:710:712:728]
[227,D,0.808594,00000000000000000100000,5,677:678:679:692:693]
[250,I,0.814453,00000000000000000010000,3,367:368:369]
[40,I,0.814453,00001000000000000000000,7,699:700:701:702:703:708:709]
[141,I,0.817383,00000000011000000000000,5,47:48:49:50:51]
[142,D,0.818359,00000000011000000000000,3,819:820:821]
[59,D,0.819336,00000100000000000000000,1,528]
[197,I,0.823242,00000000000000010000000,3,645:646:647]
[198,D,0.828125,00000000000000010000000,4,370:371:373:374]
[297,D,0.832031,00000000000000000000100,1,454]
[153,D,0.835938,00000000000100000000000,5,777:778:779:780:781]
[331,I,0.837891,00000000000000000000001,5,3:4:5:6:7]
[298,D,0.838867,00000000000000000000100,7,143:144:145:146:147:148:149]
[154,D,0.839844,00000000000100000000000,3,290:295:296]
[94,D,0.84375,00000001000000000000000,6,66:95:96:97:98:99]
[299,D,0.84375,00000000000000000000100,1,443]
[300,I,0.848633,00000000000000000000100,3,504:505:506]
[269,D,0.857422,00000000000000000001000,1,443]
[14,I,0.859375,10000000000000000000000,3,285:286:287]
[228,D,0.860352,00000000000000000100000,9,617:618:619:620:621:622:623:624:625]
[251,I,0.861328,00000000000000000010000,1,491]
[105,I,0.87207,00000000100000000000000,2,324:325]
[155,I,0.87207,00000000000100000000000,1,383]
[319,I,0.875,00000000000000000000010,2,399:400]
[270,D,0.876953,00000000000000000001000,2,601:615]
[199,D,0.87793,00000000000000010000000,2,442:443]
[271,I,0.878906,00000000000000000001000,5,551:552:553:562:563]
[156,D,0.881836,00000000000100000000000,2,297:309]
[301,I,0.882812,00000000000000000000100,1,587]
[200,D,0.887695,00000000000000010000000,2,187:188]
[229,I,0.888672,00000000000000000100000,6,671:672:673:674:675:676]
[157,D,0.896484,00000000000100000000000,7,726:727:728:729:782:783:808]
[302,I,0.900391,00000000000000000000100,4,507:508:509:510]
[143,D,0.902344,00000000010000000000000,6,772:773:774:781:782:783]
[303,D,0.902344,00000000000000000000100,4,506:507:508:509]
[272,D,0.904297,00000000000000000001000,11,562:563:564:585:594:595:598:599:600:630:644]
[304,I,0.904297,00000000000000000000100,2,688:689]
[305,I,0.90625,00000000000000000000100,11,13:14:15:16:17:18:19:20:21:22:23]
[158,D,0.907227,00000000000100000000000,7,46:52:53:54:55:56:57]
[159,I,0.907227,00000000000100000000000,4,522:523:524:525]
[69,D,0.908203,00000010000000000000000,5,808:822:830:831:832]
[306,I,0.910156,00000000000000000000100,5,588:589:590:591:592]
[320,D,0.912109,00000000000000000000010,5,738:762:782:783:808]
[273,I,0.913086,00000000000000000001000,1,291]
[146,D,0.916016,00000000001000000000000,10,809:810:811:812:813:814:815:816:817:818]
[15,D,0.916992,10000000000000000000000,2,348:349]
[41,D,0.921875,00001000000000000000000,1,822]
[16,D,0.922852,10000000000000000000000,6,801:802:803:804:805:806]
[215,D,0.922852,00000000000000001000000,7,312:313:317:318:320:321:322]
[171,I,0.924805,00000000000010000000000,9,243:244:245:246:247:249:250:251:252]
[172,I,0.926758,00000000000010000000000,5,428:429:430:431:432]
[17,I,0.926758,10000000000000000000000,2,390:391]
[332,D,0.926758,00000000000000000000001,2,828:829]
[190,D,0.927734,00000000000000100000000,3,710:712:728]
[160,I,0.928711,00000000000100000000000,5,715:716:717:718:719]
[307,I,0.928711,00000000000000000000100,2,359:360]
[230,D,0.929688,00000000000000000100000,9,533:539:578:579:580:581:582:583:584]
[201,I,0.932617,00000000000000010000000,2,651:652]
[321,D,0.932617,00000000000000000000010,3,736:737:822]
[161,D,0.936523,00000000000100000000000,6,521:522:523:524:525:526]
[252,D,0.936523,00000000000000000010000,4,663:664:665:666]
[202,D,0.938477,00000000000000010000000,4,274:290:295:296]
[178,D,0.938477,00000000000001000000000,6,309:310:311:312:313:317]
[42,I,0.938477,00001000000000000000000,4,704:705:706:707]
[144,I,0.939453,00000000010000000000000,5,767:768:769:770:771]
[274,I,0.941406,00000000000000000001000,8,554:555:556:557:558:559:560:561]
[43,I,0.943359,00001000000000000000000,4,529:530:531:532]
[308,D,0.946289,00000000000000000000100,3,18:19:20]
[179,I,0.947266,00000000000001000000000,3,292:293:294]
[309,I,0.948242,00000000000000000000100,2,413:414]
[44,I,0.948242,00001000000000000000000,4,626:627:628:629]
[60,D,0.950195,00000100000000000000000,4,641:710:712:808]
[18,D,0.952148,10000000000000000000000,5,712:787:788:789:790]
[173,I,0.954102,00000000000010000000000,1,248]
[203,I,0.955078,00000000000000010000000,2,184:185]
[310,D,0.958008,00000000000000000000100,2,345:348]
[253,D,0.958984,00000000000000000010000,9,660:661:662:667:668:669:670:677:678]
[275,I,0.958984,00000000000000000001000,5,542:543:544:545:546]
[145,D,0.963867,00000000010000000000000,5,695:710:712:728:729]
[254,D,0.967773,00000000000000000010000,10,186:222:226:227:228:229:230:231:232:233]
[106,D,0.96875,00000000100000000000000,2,186:222]
[322,D,0.970703,00000000000000000000010,3,733:734:735]
[70,I,0.974609,00000010000000000000000,14,842:843:844:845:846:847:848:849:850:851:852:853:854:855]
[333,D,0.975586,00000000000000000000001,1,388]
[45,I,0.976562,00001000000000000000000,1,405]
[311,D,0.977539,00000000000000000000100,2,407:408]
[61,D,0.978516,00000100000000000000000,3,640:822:858]
[231,D,0.981445,00000000000000000100000,2,167:168]
[255,D,0.984375,00000000000000000010000,2,133:134]
[276,D,0.985352,00000000000000000001000,1,24]
[256,D,0.987305,00000000000000000010000,1,366]
[216,D,0.987305,00000000000000001000000,1,395]
[204,I,0.988281,00000000000000010000000,1,440]
[71,D,0.990234,00000010000000000000000,2,856:857]
[147,I,0.992188,00000000001000000000000,4,59:60:61:62]
[62,I,0.993164,00000100000000000000000,1,639]
[31,D,0.994141,00010000000000000000000,2,481:482]
[232,I,0.995117,00000000000000000100000,7,511:512:513:514:515:516:517]
[162,D,0.995117,00000000000100000000000,3,58:63:64]
[205,D,0.99707,00000000000000010000000,9,539:578:615:630:644:645:646:647:648]
[95,D,0.999023,00000001000000000000000,1,482]
GUIDE_TREE_PARTITION1=(((Ddis_Lip:1.0093059,Atha_OML:0.8969969):1.3570963,Hsap_ApoD:0.3447207):0.0852,((Dmel_NLaz:0.8008651,((Dmel_GLaz:1.4075732,Same_Laz:1.2573009):0.1178207,Msex_IcyA:1.6703565):0.1439733):0.1856264,(Dmel_Karl:2.3475366,(Rnor_RBP:1.8656970, ((((((Btau_BLB:0.3160180,Hsap_Glyc:0.6381421):0.5326599,Meug_BL:0.8755637):1.4551225,((Rnor_PGDS:0.4357870,Hsap_NGAL:1.0253870):0.5292846,(Mmus_MUP1: 0.7890084,Ccri_Aphr:1.7487024):0.9120180):0.1651272):0.1007552,((Mmus_A1mg:0.7808197,Hsap_C8GC:1.3278706):0.7052975,((Sscr_VEG:0.6334171,Hsap_OBP2:1.8798683):0.8045697,Hsap_a1G2:4.3324329):0.5309832):0.1734662):0.4519230,Ggal_QS21:1.0870960):0.3539863,Rnor_ERBP:1.1812067):1.1271613):0.4814631) :0.4631459):0.0852);
