Taxa bit representation:
Taxon1 1000
Taxon2 0100
Taxon3 0010
Taxon4 0001
Clade List (<taxon members> = <clade name>): 

>Dataset_0
[0,I,0.228516,1100,4,54:55:56:57]
[1,D,0.231445,1100,1,38]
[2,I,0.239258,1100,1,22]
[10,D,0.341797,0001,1,4]
[7,I,0.452148,0010,1,2]
[11,I,0.598633,0001,1,49]
[8,D,0.625,0010,1,14]
[6,I,0.639648,0100,1,13]
[9,D,0.688477,0010,1,28]
[3,I,0.907227,1000,1,15]
[4,D,0.924805,1000,1,18]
[12,D,0.94043,0001,1,10]
[13,D,0.962891,0001,4,44:45:46:47]
[5,D,0.991211,1000,1,31]
GUIDE_TREE_PARTITION1=(((Taxon1:0.4,Taxon2:0.14):0.5,Taxon3:0.34):0.1, Taxon4:0.5);
